<?xml version="1.0" encoding="UTF-8"?>
<coverage generated="1609401561028" clover="3.2.0">
  <project timestamp="1609401561028" name="All files">
    <metrics statements="27" coveredstatements="13" conditionals="6" coveredconditionals="0" methods="7" coveredmethods="6" elements="40" coveredelements="19" complexity="0" loc="27" ncloc="27" packages="1" files="3" classes="3"/>
    <file name="main.js" path="E:\编程竞赛\JS\BasicProject\main\main.js">
      <metrics statements="4" coveredstatements="4" conditionals="0" coveredconditionals="0" methods="3" coveredmethods="3"/>
      <line num="3" count="2" type="stmt"/>
      <line num="4" count="2" type="stmt"/>
      <line num="7" count="1" type="stmt"/>
      <line num="10" count="1" type="stmt"/>
    </file>
    <file name="openTreasureBox.js" path="E:\编程竞赛\JS\BasicProject\main\openTreasureBox.js">
      <metrics statements="10" coveredstatements="6" conditionals="2" coveredconditionals="0" methods="2" coveredmethods="2"/>
      <line num="3" count="1" type="stmt"/>
      <line num="4" count="1" type="stmt"/>
      <line num="7" count="1" type="stmt"/>
      <line num="8" count="1" type="stmt"/>
      <line num="9" count="1" type="stmt"/>
      <line num="10" count="0" type="cond" truecount="0" falsecount="2"/>
      <line num="11" count="0" type="stmt"/>
      <line num="12" count="0" type="stmt"/>
      <line num="13" count="0" type="stmt"/>
      <line num="16" count="1" type="stmt"/>
    </file>
    <file name="treasureBox.js" path="E:\编程竞赛\JS\BasicProject\main\treasureBox.js">
      <metrics statements="13" coveredstatements="3" conditionals="4" coveredconditionals="0" methods="2" coveredmethods="1"/>
      <line num="4" count="1" type="stmt"/>
      <line num="5" count="1" type="stmt"/>
      <line num="6" count="1" type="stmt"/>
      <line num="9" count="0" type="cond" truecount="0" falsecount="2"/>
      <line num="10" count="0" type="stmt"/>
      <line num="12" count="0" type="stmt"/>
      <line num="13" count="0" type="stmt"/>
      <line num="14" count="0" type="cond" truecount="0" falsecount="2"/>
      <line num="15" count="0" type="stmt"/>
      <line num="16" count="0" type="stmt"/>
      <line num="17" count="0" type="stmt"/>
      <line num="18" count="0" type="stmt"/>
      <line num="20" count="0" type="stmt"/>
    </file>
  </project>
</coverage>
