<?xml version="1.0" encoding="UTF-8"?>
<coverage generated="1609404911812" clover="3.2.0">
  <project timestamp="1609404911812" name="All files">
    <metrics statements="35" coveredstatements="34" conditionals="6" coveredconditionals="5" methods="8" coveredmethods="8" elements="49" coveredelements="47" complexity="0" loc="35" ncloc="35" packages="1" files="4" classes="4"/>
    <file name="main.js" path="E:\编程竞赛\JS\BasicProject\main\main.js">
      <metrics statements="4" coveredstatements="4" conditionals="0" coveredconditionals="0" methods="3" coveredmethods="3"/>
      <line num="3" count="2" type="stmt"/>
      <line num="4" count="2" type="stmt"/>
      <line num="7" count="1" type="stmt"/>
      <line num="10" count="1" type="stmt"/>
    </file>
    <file name="openTenTreasureBox.js" path="E:\编程竞赛\JS\BasicProject\main\openTenTreasureBox.js">
      <metrics statements="12" coveredstatements="12" conditionals="0" coveredconditionals="0" methods="2" coveredmethods="2"/>
      <line num="5" count="1" type="stmt"/>
      <line num="6" count="1" type="stmt"/>
      <line num="9" count="1" type="stmt"/>
      <line num="10" count="1" type="stmt"/>
      <line num="11" count="1" type="stmt"/>
      <line num="12" count="1" type="stmt"/>
      <line num="13" count="9" type="stmt"/>
      <line num="14" count="9" type="stmt"/>
      <line num="15" count="9" type="stmt"/>
      <line num="16" count="9" type="stmt"/>
      <line num="17" count="9" type="stmt"/>
      <line num="18" count="9" type="stmt"/>
    </file>
    <file name="openTreasureBox.js" path="E:\编程竞赛\JS\BasicProject\main\openTreasureBox.js">
      <metrics statements="7" coveredstatements="7" conditionals="2" coveredconditionals="2" methods="1" coveredmethods="1"/>
      <line num="3" count="11" type="stmt"/>
      <line num="4" count="11" type="stmt"/>
      <line num="5" count="13510745" type="cond" truecount="2" falsecount="0"/>
      <line num="6" count="11" type="stmt"/>
      <line num="7" count="11" type="stmt"/>
      <line num="9" count="13510745" type="stmt"/>
      <line num="11" count="11" type="stmt"/>
    </file>
    <file name="treasureBox.js" path="E:\编程竞赛\JS\BasicProject\main\treasureBox.js">
      <metrics statements="12" coveredstatements="11" conditionals="4" coveredconditionals="3" methods="2" coveredmethods="2"/>
      <line num="4" count="11" type="stmt"/>
      <line num="5" count="11" type="stmt"/>
      <line num="6" count="11" type="stmt"/>
      <line num="9" count="13510745" type="cond" truecount="1" falsecount="1"/>
      <line num="10" count="0" type="stmt"/>
      <line num="12" count="13510745" type="stmt"/>
      <line num="13" count="13510745" type="cond" truecount="2" falsecount="0"/>
      <line num="14" count="11" type="stmt"/>
      <line num="15" count="11" type="stmt"/>
      <line num="16" count="11" type="stmt"/>
      <line num="17" count="11" type="stmt"/>
      <line num="19" count="13510734" type="stmt"/>
    </file>
  </project>
</coverage>
