{"E:\\编程竞赛\\JS\\BasicProject\\main\\openTenTreasureBox.js": {"path":"E:\\编程竞赛\\JS\\BasicProject\\main\\openTenTreasureBox.js","statementMap":{"0":{"start":{"line":5,"column":8},"end":{"line":5,"column":44}},"1":{"start":{"line":6,"column":8},"end":{"line":6,"column":31}},"2":{"start":{"line":9,"column":28},"end":{"line":9,"column":49}},"3":{"start":{"line":10,"column":8},"end":{"line":10,"column":57}},"4":{"start":{"line":11,"column":8},"end":{"line":11,"column":48}},"5":{"start":{"line":12,"column":8},"end":{"line":19,"column":9}},"6":{"start":{"line":12,"column":18},"end":{"line":12,"column":19}},"7":{"start":{"line":13,"column":27},"end":{"line":13,"column":54}},"8":{"start":{"line":14,"column":31},"end":{"line":14,"column":65}},"9":{"start":{"line":15,"column":28},"end":{"line":15,"column":80}},"10":{"start":{"line":16,"column":12},"end":{"line":16,"column":59}},"11":{"start":{"line":17,"column":12},"end":{"line":17,"column":36}},"12":{"start":{"line":18,"column":12},"end":{"line":18,"column":50}}},"fnMap":{"0":{"name":"(anonymous_0)","decl":{"start":{"line":4,"column":4},"end":{"line":4,"column":5}},"loc":{"start":{"line":4,"column":17},"end":{"line":7,"column":5}},"line":4},"1":{"name":"(anonymous_1)","decl":{"start":{"line":8,"column":4},"end":{"line":8,"column":5}},"loc":{"start":{"line":8,"column":29},"end":{"line":20,"column":5}},"line":8}},"branchMap":{},"s":{"0":1,"1":1,"2":1,"3":1,"4":1,"5":1,"6":1,"7":9,"8":9,"9":9,"10":9,"11":9,"12":9},"f":{"0":1,"1":1},"b":{},"_coverageSchema":"1a1c01bbd47fc00a2c39e90264f33305004495a9","hash":"07a63e4b94023b495ed0f25c155830fc9f6120c4"}
,"E:\\编程竞赛\\JS\\BasicProject\\main\\openTreasureBox.js": {"path":"E:\\编程竞赛\\JS\\BasicProject\\main\\openTreasureBox.js","statementMap":{"0":{"start":{"line":3,"column":22},"end":{"line":3,"column":23}},"1":{"start":{"line":4,"column":8},"end":{"line":9,"column":9}},"2":{"start":{"line":4,"column":18},"end":{"line":4,"column":19}},"3":{"start":{"line":5,"column":12},"end":{"line":7,"column":13}},"4":{"start":{"line":6,"column":16},"end":{"line":6,"column":20}},"5":{"start":{"line":8,"column":12},"end":{"line":8,"column":23}},"6":{"start":{"line":10,"column":8},"end":{"line":10,"column":26}}},"fnMap":{"0":{"name":"(anonymous_0)","decl":{"start":{"line":2,"column":4},"end":{"line":2,"column":5}},"loc":{"start":{"line":2,"column":35},"end":{"line":11,"column":5}},"line":2}},"branchMap":{"0":{"loc":{"start":{"line":5,"column":12},"end":{"line":7,"column":13}},"type":"if","locations":[{"start":{"line":5,"column":12},"end":{"line":7,"column":13}},{"start":{"line":5,"column":12},"end":{"line":7,"column":13}}],"line":5}},"s":{"0":12,"1":12,"2":12,"3":4700126,"4":12,"5":4700126,"6":12},"f":{"0":12},"b":{"0":[12,4700114]},"_coverageSchema":"1a1c01bbd47fc00a2c39e90264f33305004495a9","hash":"a848f8f562f9b4ed394af86ca6971890e9c51f27"}
,"E:\\编程竞赛\\JS\\BasicProject\\main\\treasureBox.js": {"path":"E:\\编程竞赛\\JS\\BasicProject\\main\\treasureBox.js","statementMap":{"0":{"start":{"line":4,"column":8},"end":{"line":4,"column":26}},"1":{"start":{"line":5,"column":8},"end":{"line":5,"column":44}},"2":{"start":{"line":6,"column":8},"end":{"line":6,"column":29}},"3":{"start":{"line":9,"column":8},"end":{"line":11,"column":9}},"4":{"start":{"line":10,"column":12},"end":{"line":10,"column":51}},"5":{"start":{"line":12,"column":23},"end":{"line":12,"column":86}},"6":{"start":{"line":13,"column":8},"end":{"line":20,"column":9}},"7":{"start":{"line":14,"column":12},"end":{"line":14,"column":36}},"8":{"start":{"line":15,"column":12},"end":{"line":15,"column":32}},"9":{"start":{"line":16,"column":12},"end":{"line":16,"column":35}},"10":{"start":{"line":17,"column":12},"end":{"line":17,"column":23}},"11":{"start":{"line":19,"column":12},"end":{"line":19,"column":24}}},"fnMap":{"0":{"name":"(anonymous_0)","decl":{"start":{"line":3,"column":4},"end":{"line":3,"column":5}},"loc":{"start":{"line":3,"column":39},"end":{"line":7,"column":5}},"line":3},"1":{"name":"(anonymous_1)","decl":{"start":{"line":8,"column":4},"end":{"line":8,"column":5}},"loc":{"start":{"line":8,"column":33},"end":{"line":21,"column":5}},"line":8}},"branchMap":{"0":{"loc":{"start":{"line":9,"column":8},"end":{"line":11,"column":9}},"type":"if","locations":[{"start":{"line":9,"column":8},"end":{"line":11,"column":9}},{"start":{"line":9,"column":8},"end":{"line":11,"column":9}}],"line":9},"1":{"loc":{"start":{"line":13,"column":8},"end":{"line":20,"column":9}},"type":"if","locations":[{"start":{"line":13,"column":8},"end":{"line":20,"column":9}},{"start":{"line":13,"column":8},"end":{"line":20,"column":9}}],"line":13}},"s":{"0":12,"1":12,"2":12,"3":4700128,"4":1,"5":4700127,"6":4700127,"7":12,"8":12,"9":12,"10":12,"11":4700115},"f":{"0":12,"1":4700128},"b":{"0":[1,4700127],"1":[12,4700115]},"_coverageSchema":"1a1c01bbd47fc00a2c39e90264f33305004495a9","hash":"f40c51da6e75ed8cbe058a9e1aee54cf615d6a28"}
}
