TN:
SF:main\main.js
FN:2,(anonymous_0)
FN:6,(anonymous_1)
FN:9,(anonymous_2)
FNF:3
FNH:3
FNDA:2,(anonymous_0)
FNDA:1,(anonymous_1)
FNDA:1,(anonymous_2)
DA:3,2
DA:4,2
DA:7,1
DA:10,1
LF:4
LH:4
BRF:0
BRH:0
end_of_record
TN:
SF:main\openTreasureBox.js
FN:2,(anonymous_0)
FNF:1
FNH:1
FNDA:1,(anonymous_0)
DA:3,1
DA:4,1
DA:5,66336
DA:6,1
DA:7,1
DA:9,66336
DA:11,1
LF:7
LH:7
BRDA:5,0,0,1
BRDA:5,0,1,66335
BRF:2
BRH:2
end_of_record
TN:
SF:main\treasureBox.js
FN:3,(anonymous_0)
FN:8,(anonymous_1)
FNF:2
FNH:2
FNDA:1,(anonymous_0)
FNDA:66336,(anonymous_1)
DA:4,1
DA:5,1
DA:6,1
DA:9,66336
DA:10,0
DA:12,66336
DA:13,66336
DA:14,1
DA:15,1
DA:16,1
DA:17,1
DA:19,66335
LF:12
LH:11
BRDA:9,0,0,0
BRDA:9,0,1,66336
BRDA:13,1,0,1
BRDA:13,1,1,66335
BRF:4
BRH:3
end_of_record
